
> movie_next@0.1.0 dev
> next dev

тЦ▓ Next.js 16.1.6 (Turbopack, Cache Components)
- Local:         http://localhost:3000
- Network:       http://192.168.0.2:3000
- Experiments (use with caution):
  тЬУ inlineCss

тЬУ Starting...
Attention: Next.js now collects completely anonymous telemetry regarding usage.
This information is used to shape Next.js' roadmap and prioritize features.
You can learn more, including how to opt-out if you'd not like to participate in this anonymous program, by visiting the following URL:
https://nextjs.org/telemetry

тЬУ Ready in 1119ms
тЧЛ Compiling / ...
тип ./src/app/globals.css
Error evaluating Node.js code
CssSyntaxError: /app/src/app/globals.css:8:8: Unknown word rest
    [at Input.error (turbopack:///[project]/node_modules/.pnpm/postcss@8.5.6/node_modules/postcss/lib/input.js:135:16)]
    [at Parser.unknownWord (turbopack:///[project]/node_modules/.pnpm/postcss@8.5.6/node_modules/postcss/lib/parser.js:595:22)]
    [at Parser.decl (turbopack:///[project]/node_modules/.pnpm/postcss@8.5.6/node_modules/postcss/lib/parser.js:236:16)]
    [at Parser.other (turbopack:///[project]/node_modules/.pnpm/postcss@8.5.6/node_modules/postcss/lib/parser.js:401:18)]
    [at Parser.parse (turbopack:///[project]/node_modules/.pnpm/postcss@8.5.6/node_modules/postcss/lib/parser.js:472:16)]
    [at parse (turbopack:///[project]/node_modules/.pnpm/postcss@8.5.6/node_modules/postcss/lib/parse.js:11:12)]
    [at new LazyResult (turbopack:///[project]/node_modules/.pnpm/postcss@8.5.6/node_modules/postcss/lib/lazy-result.js:165:16)]
    [at Processor.process (turbopack:///[project]/node_modules/.pnpm/postcss@8.5.6/node_modules/postcss/lib/processor.js:53:14)]
    [at transform (turbopack:///[turbopack-node]/transforms/postcss.ts:70:51)]
    [at run (turbopack:///[turbopack-node]/ipc/evaluate.ts:92:29)]

Import trace:
  Client Component Browser:
    ./src/app/globals.css [Client Component Browser]
    ./src/app/layout.tsx [Server Component]



./src/components/Layouts/TVModeLayout.tsx:3:1
Export useTVModeStore doesn't exist in target module
[0m [90m 1 |[39m [32m'use client'[39m[33m;[39m
 [90m 2 |[39m
[31m[1m>[22m[39m[90m 3 |[39m [36mimport[39m { useTVModeStore } [36mfrom[39m [32m'@/store/tvModeStore'[39m[33m;[39m
 [90m   |[39m [31m[1m^[22m[39m[31m[1m^[22m[39m[31m[1m^[22m[39m[31m[1m^[22m[39m[31m[1m^[22m[39m[31m[1m^[22m[39m[31m[1m^[22m[39m[31m[1m^[22m[39m[31m[1m^[22m[39m[31m[1m^[22m[39m[31m[1m^[22m[39m[31m[1m^[22m[39m[31m[1m^[22m[39m[31m[1m^[22m[39m[31m[1m^[22m[39m[31m[1m^[22m[39m[31m[1m^[22m[39m[31m[1m^[22m[39m[31m[1m^[22m[39m[31m[1m^[22m[39m[31m[1m^[22m[39m[31m[1m^[22m[39m[31m[1m^[22m[39m[31m[1m^[22m[39m[31m[1m^[22m[39m[31m[1m^[22m[39m[31m[1m^[22m[39m[31m[1m^[22m[39m[31m[1m^[22m[39m[31m[1m^[22m[39m[31m[1m^[22m[39m[31m[1m^[22m[39m[31m[1m^[22m[39m[31m[1m^[22m[39m[31m[1m^[22m[39m[31m[1m^[22m[39m[31m[1m^[22m[39m[31m[1m^[22m[39m[31m[1m^[22m[39m[31m[1m^[22m[39m[31m[1m^[22m[39m[31m[1m^[22m[39m[31m[1m^[22m[39m[31m[1m^[22m[39m[31m[1m^[22m[39m[31m[1m^[22m[39m[31m[1m^[22m[39m[31m[1m^[22m[39m[31m[1m^[22m[39m[31m[1m^[22m[39m[31m[1m^[22m[39m[31m[1m^[22m[39m
 [90m 4 |[39m [36mimport[39m { useSpatialNavigation } [36mfrom[39m [32m'@/hooks/useSpatialNavigation'[39m[33m;[39m
 [90m 5 |[39m [36mimport[39m [33mTVSidebar[39m [36mfrom[39m [32m'./Sidebar'[39m[33m;[39m
 [90m 6 |[39m [36mimport[39m { cn } [36mfrom[39m [32m'@/lib/utils'[39m[33m;[39m[0m

The export useTVModeStore was not found in module [project]/src/store/tvModeStore.ts [app-client] (ecmascript).
Did you mean to import default?
All exports of the module are statically known (It doesn't have dynamic exports). So it's known statically that the requested export doesn't exist.

Import trace:
  Server Component:
    ./src/components/Layouts/TVModeLayout.tsx
    ./src/app/layout.tsx



./src/components/Layouts/TVModeLayout.tsx:3:1
Export useTVModeStore doesn't exist in target module
[0m [90m 1 |[39m [32m'use client'[39m[33m;[39m
 [90m 2 |[39m
[31m[1m>[22m[39m[90m 3 |[39m [36mimport[39m { useTVModeStore } [36mfrom[39m [32m'@/store/tvModeStore'[39m[33m;[39m
 [90m   |[39m [31m[1m^[22m[39m[31m[1m^[22m[39m[31m[1m^[22m[39m[31m[1m^[22m[39m[31m[1m^[22m[39m[31m[1m^[22m[39m[31m[1m^[22m[39m[31m[1m^[22m[39m[31m[1m^[22m[39m[31m[1m^[22m[39m[31m[1m^[22m[39m[31m[1m^[22m[39m[31m[1m^[22m[39m[31m[1m^[22m[39m[31m[1m^[22m[39m[31m[1m^[22m[39m[31m[1m^[22m[39m[31m[1m^[22m[39m[31m[1m^[22m[39m[31m[1m^[22m[39m[31m[1m^[22m[39m[31m[1m^[22m[39m[31m[1m^[22m[39m[31m[1m^[22m[39m[31m[1m^[22m[39m[31m[1m^[22m[39m[31m[1m^[22m[39m[31m[1m^[22m[39m[31m[1m^[22m[39m[31m[1m^[22m[39m[31m[1m^[22m[39m[31m[1m^[22m[39m[31m[1m^[22m[39m[31m[1m^[22m[39m[31m[1m^[22m[39m[31m[1m^[22m[39m[31m[1m^[22m[39m[31m[1m^[22m[39m[31m[1m^[22m[39m[31m[1m^[22m[39m[31m[1m^[22m[39m[31m[1m^[22m[39m[31m[1m^[22m[39m[31m[1m^[22m[39m[31m[1m^[22m[39m[31m[1m^[22m[39m[31m[1m^[22m[39m[31m[1m^[22m[39m[31m[1m^[22m[39m[31m[1m^[22m[39m[31m[1m^[22m[39m[31m[1m^[22m[39m[31m[1m^[22m[39m
 [90m 4 |[39m [36mimport[39m { useSpatialNavigation } [36mfrom[39m [32m'@/hooks/useSpatialNavigation'[39m[33m;[39m
 [90m 5 |[39m [36mimport[39m [33mTVSidebar[39m [36mfrom[39m [32m'./Sidebar'[39m[33m;[39m
 [90m 6 |[39m [36mimport[39m { cn } [36mfrom[39m [32m'@/lib/utils'[39m[33m;[39m[0m

The export useTVModeStore was not found in module [project]/src/store/tvModeStore.ts [app-ssr] (ecmascript).
Did you mean to import default?
All exports of the module are statically known (It doesn't have dynamic exports). So it's known statically that the requested export doesn't exist.

Import trace:
  Server Component:
    ./src/components/Layouts/TVModeLayout.tsx
    ./src/app/layout.tsx


 GET / 500 in 16.4s (compile: 16.2s, render: 262ms)
тип ./src/app/globals.css
Error evaluating Node.js code
CssSyntaxError: /app/src/app/globals.css:8:8: Unknown word rest
    [at Input.error (turbopack:///[project]/node_modules/.pnpm/postcss@8.5.6/node_modules/postcss/lib/input.js:135:16)]
    [at Parser.unknownWord (turbopack:///[project]/node_modules/.pnpm/postcss@8.5.6/node_modules/postcss/lib/parser.js:595:22)]
    [at Parser.decl (turbopack:///[project]/node_modules/.pnpm/postcss@8.5.6/node_modules/postcss/lib/parser.js:236:16)]
    [at Parser.other (turbopack:///[project]/node_modules/.pnpm/postcss@8.5.6/node_modules/postcss/lib/parser.js:401:18)]
    [at Parser.parse (turbopack:///[project]/node_modules/.pnpm/postcss@8.5.6/node_modules/postcss/lib/parser.js:472:16)]
    [at parse (turbopack:///[project]/node_modules/.pnpm/postcss@8.5.6/node_modules/postcss/lib/parse.js:11:12)]
    [at new LazyResult (turbopack:///[project]/node_modules/.pnpm/postcss@8.5.6/node_modules/postcss/lib/lazy-result.js:165:16)]
    [at Processor.process (turbopack:///[project]/node_modules/.pnpm/postcss@8.5.6/node_modules/postcss/lib/processor.js:53:14)]
    [at transform (turbopack:///[turbopack-node]/transforms/postcss.ts:70:51)]
    [at run (turbopack:///[turbopack-node]/ipc/evaluate.ts:92:29)]

Import trace:
  Client Component Browser:
    ./src/app/globals.css [Client Component Browser]
    ./src/app/layout.tsx [Server Component]



./src/components/Layouts/TVModeLayout.tsx:3:1
Export useTVModeStore doesn't exist in target module
[0m [90m 1 |[39m [32m'use client'[39m[33m;[39m
 [90m 2 |[39m
[31m[1m>[22m[39m[90m 3 |[39m [36mimport[39m { useTVModeStore } [36mfrom[39m [32m'@/store/tvModeStore'[39m[33m;[39m
 [90m   |[39m [31m[1m^[22m[39m[31m[1m^[22m[39m[31m[1m^[22m[39m[31m[1m^[22m[39m[31m[1m^[22m[39m[31m[1m^[22m[39m[31m[1m^[22m[39m[31m[1m^[22m[39m[31m[1m^[22m[39m[31m[1m^[22m[39m[31m[1m^[22m[39m[31m[1m^[22m[39m[31m[1m^[22m[39m[31m[1m^[22m[39m[31m[1m^[22m[39m[31m[1m^[22m[39m[31m[1m^[22m[39m[31m[1m^[22m[39m[31m[1m^[22m[39m[31m[1m^[22m[39m[31m[1m^[22m[39m[31m[1m^[22m[39m[31m[1m^[22m[39m[31m[1m^[22m[39m[31m[1m^[22m[39m[31m[1m^[22m[39m[31m[1m^[22m[39m[31m[1m^[22m[39m[31m[1m^[22m[39m[31m[1m^[22m[39m[31m[1m^[22m[39m[31m[1m^[22m[39m[31m[1m^[22m[39m[31m[1m^[22m[39m[31m[1m^[22m[39m[31m[1m^[22m[39m[31m[1m^[22m[39m[31m[1m^[22m[39m[31m[1m^[22m[39m[31m[1m^[22m[39m[31m[1m^[22m[39m[31m[1m^[22m[39m[31m[1m^[22m[39m[31m[1m^[22m[39m[31m[1m^[22m[39m[31m[1m^[22m[39m[31m[1m^[22m[39m[31m[1m^[22m[39m[31m[1m^[22m[39m[31m[1m^[22m[39m[31m[1m^[22m[39m[31m[1m^[22m[39m
 [90m 4 |[39m [36mimport[39m { useSpatialNavigation } [36mfrom[39m [32m'@/hooks/useSpatialNavigation'[39m[33m;[39m
 [90m 5 |[39m [36mimport[39m [33mTVSidebar[39m [36mfrom[39m [32m'./Sidebar'[39m[33m;[39m
 [90m 6 |[39m [36mimport[39m { cn } [36mfrom[39m [32m'@/lib/utils'[39m[33m;[39m[0m

The export useTVModeStore was not found in module [project]/src/store/tvModeStore.ts [app-client] (ecmascript).
Did you mean to import default?
All exports of the module are statically known (It doesn't have dynamic exports). So it's known statically that the requested export doesn't exist.

Import trace:
  Server Component:
    ./src/components/Layouts/TVModeLayout.tsx
    ./src/app/layout.tsx



./src/components/Layouts/TVModeLayout.tsx:3:1
Export useTVModeStore doesn't exist in target module
[0m [90m 1 |[39m [32m'use client'[39m[33m;[39m
 [90m 2 |[39m
[31m[1m>[22m[39m[90m 3 |[39m [36mimport[39m { useTVModeStore } [36mfrom[39m [32m'@/store/tvModeStore'[39m[33m;[39m
 [90m   |[39m [31m[1m^[22m[39m[31m[1m^[22m[39m[31m[1m^[22m[39m[31m[1m^[22m[39m[31m[1m^[22m[39m[31m[1m^[22m[39m[31m[1m^[22m[39m[31m[1m^[22m[39m[31m[1m^[22m[39m[31m[1m^[22m[39m[31m[1m^[22m[39m[31m[1m^[22m[39m[31m[1m^[22m[39m[31m[1m^[22m[39m[31m[1m^[22m[39m[31m[1m^[22m[39m[31m[1m^[22m[39m[31m[1m^[22m[39m[31m[1m^[22m[39m[31m[1m^[22m[39m[31m[1m^[22m[39m[31m[1m^[22m[39m[31m[1m^[22m[39m[31m[1m^[22m[39m[31m[1m^[22m[39m[31m[1m^[22m[39m[31m[1m^[22m[39m[31m[1m^[22m[39m[31m[1m^[22m[39m[31m[1m^[22m[39m[31m[1m^[22m[39m[31m[1m^[22m[39m[31m[1m^[22m[39m[31m[1m^[22m[39m[31m[1m^[22m[39m[31m[1m^[22m[39m[31m[1m^[22m[39m[31m[1m^[22m[39m[31m[1m^[22m[39m[31m[1m^[22m[39m[31m[1m^[22m[39m[31m[1m^[22m[39m[31m[1m^[22m[39m[31m[1m^[22m[39m[31m[1m^[22m[39m[31m[1m^[22m[39m[31m[1m^[22m[39m[31m[1m^[22m[39m[31m[1m^[22m[39m[31m[1m^[22m[39m[31m[1m^[22m[39m[31m[1m^[22m[39m[31m[1m^[22m[39m
 [90m 4 |[39m [36mimport[39m { useSpatialNavigation } [36mfrom[39m [32m'@/hooks/useSpatialNavigation'[39m[33m;[39m
 [90m 5 |[39m [36mimport[39m [33mTVSidebar[39m [36mfrom[39m [32m'./Sidebar'[39m[33m;[39m
 [90m 6 |[39m [36mimport[39m { cn } [36mfrom[39m [32m'@/lib/utils'[39m[33m;[39m[0m

The export useTVModeStore was not found in module [project]/src/store/tvModeStore.ts [app-ssr] (ecmascript).
Did you mean to import default?
All exports of the module are statically known (It doesn't have dynamic exports). So it's known statically that the requested export doesn't exist.

Import trace:
  Server Component:
    ./src/components/Layouts/TVModeLayout.tsx
    ./src/app/layout.tsx


 GET / 500 in 28ms (compile: 14ms, render: 14ms)
тип ./src/app/globals.css
Error evaluating Node.js code
CssSyntaxError: /app/src/app/globals.css:8:8: Unknown word rest
    [at Input.error (turbopack:///[project]/node_modules/.pnpm/postcss@8.5.6/node_modules/postcss/lib/input.js:135:16)]
    [at Parser.unknownWord (turbopack:///[project]/node_modules/.pnpm/postcss@8.5.6/node_modules/postcss/lib/parser.js:595:22)]
    [at Parser.decl (turbopack:///[project]/node_modules/.pnpm/postcss@8.5.6/node_modules/postcss/lib/parser.js:236:16)]
    [at Parser.other (turbopack:///[project]/node_modules/.pnpm/postcss@8.5.6/node_modules/postcss/lib/parser.js:401:18)]
    [at Parser.parse (turbopack:///[project]/node_modules/.pnpm/postcss@8.5.6/node_modules/postcss/lib/parser.js:472:16)]
    [at parse (turbopack:///[project]/node_modules/.pnpm/postcss@8.5.6/node_modules/postcss/lib/parse.js:11:12)]
    [at new LazyResult (turbopack:///[project]/node_modules/.pnpm/postcss@8.5.6/node_modules/postcss/lib/lazy-result.js:165:16)]
    [at Processor.process (turbopack:///[project]/node_modules/.pnpm/postcss@8.5.6/node_modules/postcss/lib/processor.js:53:14)]
    [at transform (turbopack:///[turbopack-node]/transforms/postcss.ts:70:51)]
    [at run (turbopack:///[turbopack-node]/ipc/evaluate.ts:92:29)]

Import trace:
  Client Component Browser:
    ./src/app/globals.css [Client Component Browser]
    ./src/app/layout.tsx [Server Component]



./src/components/Layouts/TVModeLayout.tsx:3:1
Export useTVModeStore doesn't exist in target module
[0m [90m 1 |[39m [32m'use client'[39m[33m;[39m
 [90m 2 |[39m
[31m[1m>[22m[39m[90m 3 |[39m [36mimport[39m { useTVModeStore } [36mfrom[39m [32m'@/store/tvModeStore'[39m[33m;[39m
 [90m   |[39m [31m[1m^[22m[39m[31m[1m^[22m[39m[31m[1m^[22m[39m[31m[1m^[22m[39m[31m[1m^[22m[39m[31m[1m^[22m[39m[31m[1m^[22m[39m[31m[1m^[22m[39m[31m[1m^[22m[39m[31m[1m^[22m[39m[31m[1m^[22m[39m[31m[1m^[22m[39m[31m[1m^[22m[39m[31m[1m^[22m[39m[31m[1m^[22m[39m[31m[1m^[22m[39m[31m[1m^[22m[39m[31m[1m^[22m[39m[31m[1m^[22m[39m[31m[1m^[22m[39m[31m[1m^[22m[39m[31m[1m^[22m[39m[31m[1m^[22m[39m[31m[1m^[22m[39m[31m[1m^[22m[39m[31m[1m^[22m[39m[31m[1m^[22m[39m[31m[1m^[22m[39m[31m[1m^[22m[39m[31m[1m^[22m[39m[31m[1m^[22m[39m[31m[1m^[22m[39m[31m[1m^[22m[39m[31m[1m^[22m[39m[31m[1m^[22m[39m[31m[1m^[22m[39m[31m[1m^[22m[39m[31m[1m^[22m[39m[31m[1m^[22m[39m[31m[1m^[22m[39m[31m[1m^[22m[39m[31m[1m^[22m[39m[31m[1m^[22m[39m[31m[1m^[22m[39m[31m[1m^[22m[39m[31m[1m^[22m[39m[31m[1m^[22m[39m[31m[1m^[22m[39m[31m[1m^[22m[39m[31m[1m^[22m[39m[31m[1m^[22m[39m[31m[1m^[22m[39m
 [90m 4 |[39m [36mimport[39m { useSpatialNavigation } [36mfrom[39m [32m'@/hooks/useSpatialNavigation'[39m[33m;[39m
 [90m 5 |[39m [36mimport[39m [33mTVSidebar[39m [36mfrom[39m [32m'./Sidebar'[39m[33m;[39m
 [90m 6 |[39m [36mimport[39m { cn } [36mfrom[39m [32m'@/lib/utils'[39m[33m;[39m[0m

The export useTVModeStore was not found in module [project]/src/store/tvModeStore.ts [app-client] (ecmascript).
Did you mean to import default?
All exports of the module are statically known (It doesn't have dynamic exports). So it's known statically that the requested export doesn't exist.

Import trace:
  Server Component:
    ./src/components/Layouts/TVModeLayout.tsx
    ./src/app/layout.tsx



./src/components/Layouts/TVModeLayout.tsx:3:1
Export useTVModeStore doesn't exist in target module
[0m [90m 1 |[39m [32m'use client'[39m[33m;[39m
 [90m 2 |[39m
[31m[1m>[22m[39m[90m 3 |[39m [36mimport[39m { useTVModeStore } [36mfrom[39m [32m'@/store/tvModeStore'[39m[33m;[39m
 [90m   |[39m [31m[1m^[22m[39m[31m[1m^[22m[39m[31m[1m^[22m[39m[31m[1m^[22m[39m[31m[1m^[22m[39m[31m[1m^[22m[39m[31m[1m^[22m[39m[31m[1m^[22m[39m[31m[1m^[22m[39m[31m[1m^[22m[39m[31m[1m^[22m[39m[31m[1m^[22m[39m[31m[1m^[22m[39m[31m[1m^[22m[39m[31m[1m^[22m[39m[31m[1m^[22m[39m[31m[1m^[22m[39m[31m[1m^[22m[39m[31m[1m^[22m[39m[31m[1m^[22m[39m[31m[1m^[22m[39m[31m[1m^[22m[39m[31m[1m^[22m[39m[31m[1m^[22m[39m[31m[1m^[22m[39m[31m[1m^[22m[39m[31m[1m^[22m[39m[31m[1m^[22m[39m[31m[1m^[22m[39m[31m[1m^[22m[39m[31m[1m^[22m[39m[31m[1m^[22m[39m[31m[1m^[22m[39m[31m[1m^[22m[39m[31m[1m^[22m[39m[31m[1m^[22m[39m[31m[1m^[22m[39m[31m[1m^[22m[39m[31m[1m^[22m[39m[31m[1m^[22m[39m[31m[1m^[22m[39m[31m[1m^[22m[39m[31m[1m^[22m[39m[31m[1m^[22m[39m[31m[1m^[22m[39m[31m[1m^[22m[39m[31m[1m^[22m[39m[31m[1m^[22m[39m[31m[1m^[22m[39m[31m[1m^[22m[39m[31m[1m^[22m[39m[31m[1m^[22m[39m[31m[1m^[22m[39m
 [90m 4 |[39m [36mimport[39m { useSpatialNavigation } [36mfrom[39m [32m'@/hooks/useSpatialNavigation'[39m[33m;[39m
 [90m 5 |[39m [36mimport[39m [33mTVSidebar[39m [36mfrom[39m [32m'./Sidebar'[39m[33m;[39m
 [90m 6 |[39m [36mimport[39m { cn } [36mfrom[39m [32m'@/lib/utils'[39m[33m;[39m[0m

The export useTVModeStore was not found in module [project]/src/store/tvModeStore.ts [app-ssr] (ecmascript).
Did you mean to import default?
All exports of the module are statically known (It doesn't have dynamic exports). So it's known statically that the requested export doesn't exist.

Import trace:
  Server Component:
    ./src/components/Layouts/TVModeLayout.tsx
    ./src/app/layout.tsx


 GET / 500 in 22ms (compile: 11ms, render: 11ms)
тип ./src/app/globals.css
Error evaluating Node.js code
CssSyntaxError: /app/src/app/globals.css:54:8: Unknown word rest
    [at Input.error (turbopack:///[project]/node_modules/.pnpm/postcss@8.5.6/node_modules/postcss/lib/input.js:135:16)]
    [at Parser.unknownWord (turbopack:///[project]/node_modules/.pnpm/postcss@8.5.6/node_modules/postcss/lib/parser.js:595:22)]
    [at Parser.decl (turbopack:///[project]/node_modules/.pnpm/postcss@8.5.6/node_modules/postcss/lib/parser.js:236:16)]
    [at Parser.other (turbopack:///[project]/node_modules/.pnpm/postcss@8.5.6/node_modules/postcss/lib/parser.js:401:18)]
    [at Parser.parse (turbopack:///[project]/node_modules/.pnpm/postcss@8.5.6/node_modules/postcss/lib/parser.js:472:16)]
    [at parse (turbopack:///[project]/node_modules/.pnpm/postcss@8.5.6/node_modules/postcss/lib/parse.js:11:12)]
    [at new LazyResult (turbopack:///[project]/node_modules/.pnpm/postcss@8.5.6/node_modules/postcss/lib/lazy-result.js:165:16)]
    [at Processor.process (turbopack:///[project]/node_modules/.pnpm/postcss@8.5.6/node_modules/postcss/lib/processor.js:53:14)]
    [at transform (turbopack:///[turbopack-node]/transforms/postcss.ts:70:51)]
    [at run (turbopack:///[turbopack-node]/ipc/evaluate.ts:92:29)]

Import trace:
  Client Component Browser:
    ./src/app/globals.css [Client Component Browser]
    ./src/app/layout.tsx [Server Component]



./src/components/Layouts/TVModeLayout.tsx:3:1
Export useTVModeStore doesn't exist in target module
[0m [90m 1 |[39m [32m'use client'[39m[33m;[39m
 [90m 2 |[39m
[31m[1m>[22m[39m[90m 3 |[39m [36mimport[39m { useTVModeStore } [36mfrom[39m [32m'@/store/tvModeStore'[39m[33m;[39m
 [90m   |[39m [31m[1m^[22m[39m[31m[1m^[22m[39m[31m[1m^[22m[39m[31m[1m^[22m[39m[31m[1m^[22m[39m[31m[1m^[22m[39m[31m[1m^[22m[39m[31m[1m^[22m[39m[31m[1m^[22m[39m[31m[1m^[22m[39m[31m[1m^[22m[39m[31m[1m^[22m[39m[31m[1m^[22m[39m[31m[1m^[22m[39m[31m[1m^[22m[39m[31m[1m^[22m[39m[31m[1m^[22m[39m[31m[1m^[22m[39m[31m[1m^[22m[39m[31m[1m^[22m[39m[31m[1m^[22m[39m[31m[1m^[22m[39m[31m[1m^[22m[39m[31m[1m^[22m[39m[31m[1m^[22m[39m[31m[1m^[22m[39m[31m[1m^[22m[39m[31m[1m^[22m[39m[31m[1m^[22m[39m[31m[1m^[22m[39m[31m[1m^[22m[39m[31m[1m^[22m[39m[31m[1m^[22m[39m[31m[1m^[22m[39m[31m[1m^[22m[39m[31m[1m^[22m[39m[31m[1m^[22m[39m[31m[1m^[22m[39m[31m[1m^[22m[39m[31m[1m^[22m[39m[31m[1m^[22m[39m[31m[1m^[22m[39m[31m[1m^[22m[39m[31m[1m^[22m[39m[31m[1m^[22m[39m[31m[1m^[22m[39m[31m[1m^[22m[39m[31m[1m^[22m[39m[31m[1m^[22m[39m[31m[1m^[22m[39m[31m[1m^[22m[39m[31m[1m^[22m[39m
 [90m 4 |[39m [36mimport[39m { useSpatialNavigation } [36mfrom[39m [32m'@/hooks/useSpatialNavigation'[39m[33m;[39m
 [90m 5 |[39m [36mimport[39m [33mTVSidebar[39m [36mfrom[39m [32m'./Sidebar'[39m[33m;[39m
 [90m 6 |[39m [36mimport[39m { cn } [36mfrom[39m [32m'@/lib/utils'[39m[33m;[39m[0m

The export useTVModeStore was not found in module [project]/src/store/tvModeStore.ts [app-client] (ecmascript).
Did you mean to import default?
All exports of the module are statically known (It doesn't have dynamic exports). So it's known statically that the requested export doesn't exist.

Import trace:
  Server Component:
    ./src/components/Layouts/TVModeLayout.tsx
    ./src/app/layout.tsx



./src/components/Layouts/TVModeLayout.tsx:3:1
Export useTVModeStore doesn't exist in target module
[0m [90m 1 |[39m [32m'use client'[39m[33m;[39m
 [90m 2 |[39m
[31m[1m>[22m[39m[90m 3 |[39m [36mimport[39m { useTVModeStore } [36mfrom[39m [32m'@/store/tvModeStore'[39m[33m;[39m
 [90m   |[39m [31m[1m^[22m[39m[31m[1m^[22m[39m[31m[1m^[22m[39m[31m[1m^[22m[39m[31m[1m^[22m[39m[31m[1m^[22m[39m[31m[1m^[22m[39m[31m[1m^[22m[39m[31m[1m^[22m[39m[31m[1m^[22m[39m[31m[1m^[22m[39m[31m[1m^[22m[39m[31m[1m^[22m[39m[31m[1m^[22m[39m[31m[1m^[22m[39m[31m[1m^[22m[39m[31m[1m^[22m[39m[31m[1m^[22m[39m[31m[1m^[22m[39m[31m[1m^[22m[39m[31m[1m^[22m[39m[31m[1m^[22m[39m[31m[1m^[22m[39m[31m[1m^[22m[39m[31m[1m^[22m[39m[31m[1m^[22m[39m[31m[1m^[22m[39m[31m[1m^[22m[39m[31m[1m^[22m[39m[31m[1m^[22m[39m[31m[1m^[22m[39m[31m[1m^[22m[39m[31m[1m^[22m[39m[31m[1m^[22m[39m[31m[1m^[22m[39m[31m[1m^[22m[39m[31m[1m^[22m[39m[31m[1m^[22m[39m[31m[1m^[22m[39m[31m[1m^[22m[39m[31m[1m^[22m[39m[31m[1m^[22m[39m[31m[1m^[22m[39m[31m[1m^[22m[39m[31m[1m^[22m[39m[31m[1m^[22m[39m[31m[1m^[22m[39m[31m[1m^[22m[39m[31m[1m^[22m[39m[31m[1m^[22m[39m[31m[1m^[22m[39m[31m[1m^[22m[39m[31m[1m^[22m[39m
 [90m 4 |[39m [36mimport[39m { useSpatialNavigation } [36mfrom[39m [32m'@/hooks/useSpatialNavigation'[39m[33m;[39m
 [90m 5 |[39m [36mimport[39m [33mTVSidebar[39m [36mfrom[39m [32m'./Sidebar'[39m[33m;[39m
 [90m 6 |[39m [36mimport[39m { cn } [36mfrom[39m [32m'@/lib/utils'[39m[33m;[39m[0m

The export useTVModeStore was not found in module [project]/src/store/tvModeStore.ts [app-ssr] (ecmascript).
Did you mean to import default?
All exports of the module are statically known (It doesn't have dynamic exports). So it's known statically that the requested export doesn't exist.

Import trace:
  Server Component:
    ./src/components/Layouts/TVModeLayout.tsx
    ./src/app/layout.tsx


 GET / 500 in 19ms (compile: 10ms, render: 9ms)
тип ./src/components/Layouts/TVModeLayout.tsx:3:1
Export useTVModeStore doesn't exist in target module
[0m [90m 1 |[39m [32m'use client'[39m[33m;[39m
 [90m 2 |[39m
[31m[1m>[22m[39m[90m 3 |[39m [36mimport[39m { useTVModeStore } [36mfrom[39m [32m'@/store/tvModeStore'[39m[33m;[39m
 [90m   |[39m [31m[1m^[22m[39m[31m[1m^[22m[39m[31m[1m^[22m[39m[31m[1m^[22m[39m[31m[1m^[22m[39m[31m[1m^[22m[39m[31m[1m^[22m[39m[31m[1m^[22m[39m[31m[1m^[22m[39m[31m[1m^[22m[39m[31m[1m^[22m[39m[31m[1m^[22m[39m[31m[1m^[22m[39m[31m[1m^[22m[39m[31m[1m^[22m[39m[31m[1m^[22m[39m[31m[1m^[22m[39m[31m[1m^[22m[39m[31m[1m^[22m[39m[31m[1m^[22m[39m[31m[1m^[22m[39m[31m[1m^[22m[39m[31m[1m^[22m[39m[31m[1m^[22m[39m[31m[1m^[22m[39m[31m[1m^[22m[39m[31m[1m^[22m[39m[31m[1m^[22m[39m[31m[1m^[22m[39m[31m[1m^[22m[39m[31m[1m^[22m[39m[31m[1m^[22m[39m[31m[1m^[22m[39m[31m[1m^[22m[39m[31m[1m^[22m[39m[31m[1m^[22m[39m[31m[1m^[22m[39m[31m[1m^[22m[39m[31m[1m^[22m[39m[31m[1m^[22m[39m[31m[1m^[22m[39m[31m[1m^[22m[39m[31m[1m^[22m[39m[31m[1m^[22m[39m[31m[1m^[22m[39m[31m[1m^[22m[39m[31m[1m^[22m[39m[31m[1m^[22m[39m[31m[1m^[22m[39m[31m[1m^[22m[39m[31m[1m^[22m[39m[31m[1m^[22m[39m
 [90m 4 |[39m [36mimport[39m { useSpatialNavigation } [36mfrom[39m [32m'@/hooks/useSpatialNavigation'[39m[33m;[39m
 [90m 5 |[39m [36mimport[39m [33mTVSidebar[39m [36mfrom[39m [32m'./Sidebar'[39m[33m;[39m
 [90m 6 |[39m [36mimport[39m { cn } [36mfrom[39m [32m'@/lib/utils'[39m[33m;[39m[0m

The export useTVModeStore was not found in module [project]/src/store/tvModeStore.ts [app-client] (ecmascript).
Did you mean to import default?
All exports of the module are statically known (It doesn't have dynamic exports). So it's known statically that the requested export doesn't exist.

Import trace:
  Server Component:
    ./src/components/Layouts/TVModeLayout.tsx
    ./src/app/layout.tsx



./src/components/Layouts/TVModeLayout.tsx:3:1
Export useTVModeStore doesn't exist in target module
[0m [90m 1 |[39m [32m'use client'[39m[33m;[39m
 [90m 2 |[39m
[31m[1m>[22m[39m[90m 3 |[39m [36mimport[39m { useTVModeStore } [36mfrom[39m [32m'@/store/tvModeStore'[39m[33m;[39m
 [90m   |[39m [31m[1m^[22m[39m[31m[1m^[22m[39m[31m[1m^[22m[39m[31m[1m^[22m[39m[31m[1m^[22m[39m[31m[1m^[22m[39m[31m[1m^[22m[39m[31m[1m^[22m[39m[31m[1m^[22m[39m[31m[1m^[22m[39m[31m[1m^[22m[39m[31m[1m^[22m[39m[31m[1m^[22m[39m[31m[1m^[22m[39m[31m[1m^[22m[39m[31m[1m^[22m[39m[31m[1m^[22m[39m[31m[1m^[22m[39m[31m[1m^[22m[39m[31m[1m^[22m[39m[31m[1m^[22m[39m[31m[1m^[22m[39m[31m[1m^[22m[39m[31m[1m^[22m[39m[31m[1m^[22m[39m[31m[1m^[22m[39m[31m[1m^[22m[39m[31m[1m^[22m[39m[31m[1m^[22m[39m[31m[1m^[22m[39m[31m[1m^[22m[39m[31m[1m^[22m[39m[31m[1m^[22m[39m[31m[1m^[22m[39m[31m[1m^[22m[39m[31m[1m^[22m[39m[31m[1m^[22m[39m[31m[1m^[22m[39m[31m[1m^[22m[39m[31m[1m^[22m[39m[31m[1m^[22m[39m[31m[1m^[22m[39m[31m[1m^[22m[39m[31m[1m^[22m[39m[31m[1m^[22m[39m[31m[1m^[22m[39m[31m[1m^[22m[39m[31m[1m^[22m[39m[31m[1m^[22m[39m[31m[1m^[22m[39m[31m[1m^[22m[39m[31m[1m^[22m[39m[31m[1m^[22m[39m
 [90m 4 |[39m [36mimport[39m { useSpatialNavigation } [36mfrom[39m [32m'@/hooks/useSpatialNavigation'[39m[33m;[39m
 [90m 5 |[39m [36mimport[39m [33mTVSidebar[39m [36mfrom[39m [32m'./Sidebar'[39m[33m;[39m
 [90m 6 |[39m [36mimport[39m { cn } [36mfrom[39m [32m'@/lib/utils'[39m[33m;[39m[0m

The export useTVModeStore was not found in module [project]/src/store/tvModeStore.ts [app-ssr] (ecmascript).
Did you mean to import default?
All exports of the module are statically known (It doesn't have dynamic exports). So it's known statically that the requested export doesn't exist.

Import trace:
  Server Component:
    ./src/components/Layouts/TVModeLayout.tsx
    ./src/app/layout.tsx


 GET / 500 in 27ms (compile: 18ms, render: 9ms)
тЬУ Compiled in 173ms
TypeError: Failed to parse URL from undefined/v1/api/home
    at ignore-listed frames {
  [cause]: TypeError: Invalid URL
      at ignore-listed frames {
    code: 'ERR_INVALID_URL',
    input: 'undefined/v1/api/home'
  }
}
TypeError: Failed to parse URL from undefined/v1/api/quoc-gia/han-quoc?limit=24
    at ignore-listed frames {
  [cause]: TypeError: Invalid URL
      at ignore-listed frames {
    code: 'ERR_INVALID_URL',
    input: 'undefined/v1/api/quoc-gia/han-quoc?limit=24'
  }
}
TypeError: Failed to parse URL from undefined/v1/api/quoc-gia/trung-quoc?limit=24
    at ignore-listed frames {
  [cause]: TypeError: Invalid URL
      at ignore-listed frames {
    code: 'ERR_INVALID_URL',
    input: 'undefined/v1/api/quoc-gia/trung-quoc?limit=24'
  }
}
TypeError: Failed to parse URL from undefined/v1/api/the-loai
    at ignore-listed frames {
  [cause]: TypeError: Invalid URL
      at ignore-listed frames {
    code: 'ERR_INVALID_URL',
    input: 'undefined/v1/api/the-loai'
  }
}
TypeError: Failed to parse URL from undefined/v1/api/quoc-gia/au-my?limit=24
    at ignore-listed frames {
  [cause]: TypeError: Invalid URL
      at ignore-listed frames {
    code: 'ERR_INVALID_URL',
    input: 'undefined/v1/api/quoc-gia/au-my?limit=24'
  }
}
TypeError: Failed to parse URL from undefined/v1/api/quoc-gia/thai-lan?limit=24
    at ignore-listed frames {
  [cause]: TypeError: Invalid URL
      at ignore-listed frames {
    code: 'ERR_INVALID_URL',
    input: 'undefined/v1/api/quoc-gia/thai-lan?limit=24'
  }
}
TypeError: Failed to parse URL from undefined/v1/api/danh-sach/hoat-hinh?limit=24
    at ignore-listed frames {
  [cause]: TypeError: Invalid URL
      at ignore-listed frames {
    code: 'ERR_INVALID_URL',
    input: 'undefined/v1/api/danh-sach/hoat-hinh?limit=24'
  }
}
TypeError: Failed to parse URL from undefined/v1/api/danh-sach/phim-sap-chieu?limit=24
    at ignore-listed frames {
  [cause]: TypeError: Invalid URL
      at ignore-listed frames {
    code: 'ERR_INVALID_URL',
    input: 'undefined/v1/api/danh-sach/phim-sap-chieu?limit=24'
  }
}
TypeError: Failed to parse URL from undefined/v1/api/the-loai/hanh-dong?limit=24
    at ignore-listed frames {
  [cause]: TypeError: Invalid URL
      at ignore-listed frames {
    code: 'ERR_INVALID_URL',
    input: 'undefined/v1/api/the-loai/hanh-dong?limit=24'
  }
}
TypeError: Failed to parse URL from undefined/v1/api/the-loai/tinh-cam?limit=24
    at ignore-listed frames {
  [cause]: TypeError: Invalid URL
      at ignore-listed frames {
    code: 'ERR_INVALID_URL',
    input: 'undefined/v1/api/the-loai/tinh-cam?limit=24'
  }
}
Error [TypeError]: Failed to parse URL from undefined/v1/api/the-loai
    at ignore-listed frames {
  environmentName: 'Cache',
  digest: '3918253571'
}
тип Error [TypeError]: Failed to parse URL from undefined/v1/api/home
    at ignore-listed frames {
  environmentName: 'Cache',
  digest: '3796080579'
}
тип Error [TypeError]: Failed to parse URL from undefined/v1/api/quoc-gia/han-quoc?limit=24
    at ignore-listed frames {
  environmentName: 'Cache',
  digest: '378976099'
}
тип Error [TypeError]: Failed to parse URL from undefined/v1/api/quoc-gia/trung-quoc?limit=24
    at ignore-listed frames {
  environmentName: 'Cache',
  digest: '2135899331'
}
тип Error [TypeError]: Failed to parse URL from undefined/v1/api/quoc-gia/au-my?limit=24
    at ignore-listed frames {
  environmentName: 'Cache',
  digest: '4171726691'
}
тип Error [TypeError]: Failed to parse URL from undefined/v1/api/quoc-gia/thai-lan?limit=24
    at ignore-listed frames {
  environmentName: 'Cache',
  digest: '4115083875'
}
тип Error [TypeError]: Failed to parse URL from undefined/v1/api/danh-sach/hoat-hinh?limit=24
    at ignore-listed frames {
  environmentName: 'Cache',
  digest: '2818314819'
}
тип Error [TypeError]: Failed to parse URL from undefined/v1/api/danh-sach/phim-sap-chieu?limit=24
    at ignore-listed frames {
  environmentName: 'Cache',
  digest: '1317269219'
}
тип Error [TypeError]: Failed to parse URL from undefined/v1/api/the-loai/hanh-dong?limit=24
    at ignore-listed frames {
  environmentName: 'Cache',
  digest: '3418464995'
}
тип Error [TypeError]: Failed to parse URL from undefined/v1/api/the-loai/tinh-cam?limit=24
    at ignore-listed frames {
  environmentName: 'Cache',
  digest: '3391078405'
}
тип Error [TypeError]: Failed to parse URL from undefined/v1/api/the-loai
    at ignore-listed frames {
  environmentName: 'Cache',
  digest: '3918253571'
}
тип TypeError: Failed to parse URL from undefined/v1/api/home
    at ignore-listed frames {
  digest: '3796080579',
  [cause]: TypeError: Invalid URL
      at ignore-listed frames {
    code: 'ERR_INVALID_URL',
    input: 'undefined/v1/api/home'
  }
}
тип TypeError: Failed to parse URL from undefined/v1/api/quoc-gia/han-quoc?limit=24
    at ignore-listed frames {
  digest: '378976099',
  [cause]: TypeError: Invalid URL
      at ignore-listed frames {
    code: 'ERR_INVALID_URL',
    input: 'undefined/v1/api/quoc-gia/han-quoc?limit=24'
  }
}
тип TypeError: Failed to parse URL from undefined/v1/api/quoc-gia/trung-quoc?limit=24
    at ignore-listed frames {
  digest: '2135899331',
  [cause]: TypeError: Invalid URL
      at ignore-listed frames {
    code: 'ERR_INVALID_URL',
    input: 'undefined/v1/api/quoc-gia/trung-quoc?limit=24'
  }
}
тип Error [TypeError]: Failed to parse URL from undefined/v1/api/the-loai
    at ignore-listed frames {
  environmentName: 'Cache',
  digest: '3918253571'
}
тип TypeError: Failed to parse URL from undefined/v1/api/quoc-gia/au-my?limit=24
    at ignore-listed frames {
  digest: '4171726691',
  [cause]: TypeError: Invalid URL
      at ignore-listed frames {
    code: 'ERR_INVALID_URL',
    input: 'undefined/v1/api/quoc-gia/au-my?limit=24'
  }
}
тип TypeError: Failed to parse URL from undefined/v1/api/quoc-gia/thai-lan?limit=24
    at ignore-listed frames {
  digest: '4115083875',
  [cause]: TypeError: Invalid URL
      at ignore-listed frames {
    code: 'ERR_INVALID_URL',
    input: 'undefined/v1/api/quoc-gia/thai-lan?limit=24'
  }
}
тип TypeError: Failed to parse URL from undefined/v1/api/danh-sach/hoat-hinh?limit=24
    at ignore-listed frames {
  digest: '2818314819',
  [cause]: TypeError: Invalid URL
      at ignore-listed frames {
    code: 'ERR_INVALID_URL',
    input: 'undefined/v1/api/danh-sach/hoat-hinh?limit=24'
  }
}
тип TypeError: Failed to parse URL from undefined/v1/api/danh-sach/phim-sap-chieu?limit=24
    at ignore-listed frames {
  digest: '1317269219',
  [cause]: TypeError: Invalid URL
      at ignore-listed frames {
    code: 'ERR_INVALID_URL',
    input: 'undefined/v1/api/danh-sach/phim-sap-chieu?limit=24'
  }
}
тип TypeError: Failed to parse URL from undefined/v1/api/the-loai/hanh-dong?limit=24
    at ignore-listed frames {
  digest: '3418464995',
  [cause]: TypeError: Invalid URL
      at ignore-listed frames {
    code: 'ERR_INVALID_URL',
    input: 'undefined/v1/api/the-loai/hanh-dong?limit=24'
  }
}
тип TypeError: Failed to parse URL from undefined/v1/api/the-loai/tinh-cam?limit=24
    at ignore-listed frames {
  digest: '3391078405',
  [cause]: TypeError: Invalid URL
      at ignore-listed frames {
    code: 'ERR_INVALID_URL',
    input: 'undefined/v1/api/the-loai/tinh-cam?limit=24'
  }
}
 GET / 200 in 2.0s (compile: 282ms, render: 1762ms)
 POST / 200 in 29ms (compile: 6ms, render: 23ms)
 POST / 200 in 15ms (compile: 5ms, render: 10ms)
TypeError: Failed to parse URL from undefined/v1/api/home
    at ignore-listed frames {
  [cause]: TypeError: Invalid URL
      at ignore-listed frames {
    code: 'ERR_INVALID_URL',
    input: 'undefined/v1/api/home'
  }
}
TypeError: Failed to parse URL from undefined/v1/api/quoc-gia/han-quoc?limit=24
    at ignore-listed frames {
  [cause]: TypeError: Invalid URL
      at ignore-listed frames {
    code: 'ERR_INVALID_URL',
    input: 'undefined/v1/api/quoc-gia/han-quoc?limit=24'
  }
}
TypeError: Failed to parse URL from undefined/v1/api/quoc-gia/trung-quoc?limit=24
    at ignore-listed frames {
  [cause]: TypeError: Invalid URL
      at ignore-listed frames {
    code: 'ERR_INVALID_URL',
    input: 'undefined/v1/api/quoc-gia/trung-quoc?limit=24'
  }
}
TypeError: Failed to parse URL from undefined/v1/api/the-loai
    at ignore-listed frames {
  [cause]: TypeError: Invalid URL
      at ignore-listed frames {
    code: 'ERR_INVALID_URL',
    input: 'undefined/v1/api/the-loai'
  }
}
TypeError: Failed to parse URL from undefined/v1/api/quoc-gia/au-my?limit=24
    at ignore-listed frames {
  [cause]: TypeError: Invalid URL
      at ignore-listed frames {
    code: 'ERR_INVALID_URL',
    input: 'undefined/v1/api/quoc-gia/au-my?limit=24'
  }
}
TypeError: Failed to parse URL from undefined/v1/api/quoc-gia/thai-lan?limit=24
    at ignore-listed frames {
  [cause]: TypeError: Invalid URL
      at ignore-listed frames {
    code: 'ERR_INVALID_URL',
    input: 'undefined/v1/api/quoc-gia/thai-lan?limit=24'
  }
}
TypeError: Failed to parse URL from undefined/v1/api/danh-sach/hoat-hinh?limit=24
    at ignore-listed frames {
  [cause]: TypeError: Invalid URL
      at ignore-listed frames {
    code: 'ERR_INVALID_URL',
    input: 'undefined/v1/api/danh-sach/hoat-hinh?limit=24'
  }
}
TypeError: Failed to parse URL from undefined/v1/api/danh-sach/phim-sap-chieu?limit=24
    at ignore-listed frames {
  [cause]: TypeError: Invalid URL
      at ignore-listed frames {
    code: 'ERR_INVALID_URL',
    input: 'undefined/v1/api/danh-sach/phim-sap-chieu?limit=24'
  }
}
TypeError: Failed to parse URL from undefined/v1/api/the-loai/hanh-dong?limit=24
    at ignore-listed frames {
  [cause]: TypeError: Invalid URL
      at ignore-listed frames {
    code: 'ERR_INVALID_URL',
    input: 'undefined/v1/api/the-loai/hanh-dong?limit=24'
  }
}
TypeError: Failed to parse URL from undefined/v1/api/the-loai/tinh-cam?limit=24
    at ignore-listed frames {
  [cause]: TypeError: Invalid URL
      at ignore-listed frames {
    code: 'ERR_INVALID_URL',
    input: 'undefined/v1/api/the-loai/tinh-cam?limit=24'
  }
}
Error [TypeError]: Failed to parse URL from undefined/v1/api/the-loai
    at ignore-listed frames {
  environmentName: 'Cache',
  digest: '3918253571'
}
тип Error [TypeError]: Failed to parse URL from undefined/v1/api/home
    at ignore-listed frames {
  environmentName: 'Cache',
  digest: '3796080579'
}
тип Error [TypeError]: Failed to parse URL from undefined/v1/api/quoc-gia/han-quoc?limit=24
    at ignore-listed frames {
  environmentName: 'Cache',
  digest: '378976099'
}
тип Error [TypeError]: Failed to parse URL from undefined/v1/api/quoc-gia/trung-quoc?limit=24
    at ignore-listed frames {
  environmentName: 'Cache',
  digest: '2135899331'
}
тип Error [TypeError]: Failed to parse URL from undefined/v1/api/quoc-gia/au-my?limit=24
    at ignore-listed frames {
  environmentName: 'Cache',
  digest: '4171726691'
}
тип Error [TypeError]: Failed to parse URL from undefined/v1/api/quoc-gia/thai-lan?limit=24
    at ignore-listed frames {
  environmentName: 'Cache',
  digest: '4115083875'
}
тип Error [TypeError]: Failed to parse URL from undefined/v1/api/danh-sach/hoat-hinh?limit=24
    at ignore-listed frames {
  environmentName: 'Cache',
  digest: '2818314819'
}
тип Error [TypeError]: Failed to parse URL from undefined/v1/api/danh-sach/phim-sap-chieu?limit=24
    at ignore-listed frames {
  environmentName: 'Cache',
  digest: '1317269219'
}
тип Error [TypeError]: Failed to parse URL from undefined/v1/api/the-loai/hanh-dong?limit=24
    at ignore-listed frames {
  environmentName: 'Cache',
  digest: '3418464995'
}
тип Error [TypeError]: Failed to parse URL from undefined/v1/api/the-loai/tinh-cam?limit=24
    at ignore-listed frames {
  environmentName: 'Cache',
  digest: '3391078405'
}
тип Error [TypeError]: Failed to parse URL from undefined/v1/api/the-loai
    at ignore-listed frames {
  environmentName: 'Cache',
  digest: '3918253571'
}
тип TypeError: Failed to parse URL from undefined/v1/api/home
    at ignore-listed frames {
  digest: '3796080579',
  [cause]: TypeError: Invalid URL
      at ignore-listed frames {
    code: 'ERR_INVALID_URL',
    input: 'undefined/v1/api/home'
  }
}
тип TypeError: Failed to parse URL from undefined/v1/api/quoc-gia/han-quoc?limit=24
    at ignore-listed frames {
  digest: '378976099',
  [cause]: TypeError: Invalid URL
      at ignore-listed frames {
    code: 'ERR_INVALID_URL',
    input: 'undefined/v1/api/quoc-gia/han-quoc?limit=24'
  }
}
тип TypeError: Failed to parse URL from undefined/v1/api/quoc-gia/trung-quoc?limit=24
    at ignore-listed frames {
  digest: '2135899331',
  [cause]: TypeError: Invalid URL
      at ignore-listed frames {
    code: 'ERR_INVALID_URL',
    input: 'undefined/v1/api/quoc-gia/trung-quoc?limit=24'
  }
}
тип Error [TypeError]: Failed to parse URL from undefined/v1/api/the-loai
    at ignore-listed frames {
  environmentName: 'Cache',
  digest: '3918253571'
}
тип TypeError: Failed to parse URL from undefined/v1/api/quoc-gia/au-my?limit=24
    at ignore-listed frames {
  digest: '4171726691',
  [cause]: TypeError: Invalid URL
      at ignore-listed frames {
    code: 'ERR_INVALID_URL',
    input: 'undefined/v1/api/quoc-gia/au-my?limit=24'
  }
}
тип TypeError: Failed to parse URL from undefined/v1/api/quoc-gia/thai-lan?limit=24
    at ignore-listed frames {
  digest: '4115083875',
  [cause]: TypeError: Invalid URL
      at ignore-listed frames {
    code: 'ERR_INVALID_URL',
    input: 'undefined/v1/api/quoc-gia/thai-lan?limit=24'
  }
}
тип TypeError: Failed to parse URL from undefined/v1/api/danh-sach/hoat-hinh?limit=24
    at ignore-listed frames {
  digest: '2818314819',
  [cause]: TypeError: Invalid URL
      at ignore-listed frames {
    code: 'ERR_INVALID_URL',
    input: 'undefined/v1/api/danh-sach/hoat-hinh?limit=24'
  }
}
тип TypeError: Failed to parse URL from undefined/v1/api/danh-sach/phim-sap-chieu?limit=24
    at ignore-listed frames {
  digest: '1317269219',
  [cause]: TypeError: Invalid URL
      at ignore-listed frames {
    code: 'ERR_INVALID_URL',
    input: 'undefined/v1/api/danh-sach/phim-sap-chieu?limit=24'
  }
}
тип TypeError: Failed to parse URL from undefined/v1/api/the-loai/hanh-dong?limit=24
    at ignore-listed frames {
  digest: '3418464995',
  [cause]: TypeError: Invalid URL
      at ignore-listed frames {
    code: 'ERR_INVALID_URL',
    input: 'undefined/v1/api/the-loai/hanh-dong?limit=24'
  }
}
тип TypeError: Failed to parse URL from undefined/v1/api/the-loai/tinh-cam?limit=24
    at ignore-listed frames {
  digest: '3391078405',
  [cause]: TypeError: Invalid URL
      at ignore-listed frames {
    code: 'ERR_INVALID_URL',
    input: 'undefined/v1/api/the-loai/tinh-cam?limit=24'
  }
}
 GET / 200 in 1290ms (compile: 9ms, render: 1281ms)
 POST / 200 in 18ms (compile: 7ms, render: 12ms)
 POST / 200 in 15ms (compile: 5ms, render: 10ms)
